/mnt/tier2/project/p200630/my_env/lib/python3.11/site-packages/transformers/utils/hub.py:128: FutureWarning: Using `TRANSFORMERS_CACHE` is deprecated and will be removed in v5 of Transformers. Use `HF_HOME` instead.
  warnings.warn(
[nltk_data] Downloading package stopwords to
[nltk_data]     /home/users/u101139/nltk_data...
[nltk_data]   Package stopwords is already up-to-date!
nuclear accidents
nuclear waste
environmentalism
0 11
current range: range(1, 12)
Article 44 with score 0.2485
Article 7 with score 0.2041
Article 49 with score 0.1726
Article 3 with score 0.1682
Article 4 with score 0.1374
Recall: 27.27%
Precision: 60.00%
11 21
current range: range(12, 22)
Article 60 with score 0.2009
Article 61 with score 0.1706
Article 55 with score 0.1390
Article 57 with score 0.1239
Article 58 with score 0.0921
Recall: 0.00%
Precision: 0.00%
21 32
current range: range(22, 33)
Article 29 with score 0.4082
Article 67 with score 0.2373
Article 66 with score 0.2048
Article 79 with score 0.1762
Article 30 with score 0.1632
Recall: 18.18%
Precision: 40.00%
Avg recall: 15.15%
Avg precision: 33.33%
